Using pre-set license
Built from '2020.3/staging' branch; Version is '2020.3.3f1 (76626098c1c4) revision 7758432'; Using compiler version '192528614'; Build Type 'Release'
OS: 'Windows 10 Enterprise; OS build 16299.15; Version 1709; 64bit' Language: 'en' Physical Memory: 16286 MB
BatchMode: 1, IsHumanControllingUs: 0, StartBugReporterOnCrash: 0, Is64bit: 1, IsPro: 0

 COMMAND LINE ARGUMENTS:
C:\Program Files\Unity\Hub\Editor\2020.3.3f1\Editor\Unity.exe
-adb2
-batchMode
-noUpm
-name
AssetImportWorker0
-projectPath
C:/Users/SIVC/Documents/GitHub/discovery-defender-vr/Discovery Defender VR
-logFile
Logs/AssetImportWorker0.log
-srvPort
59594
Successfully changed project path to: C:/Users/SIVC/Documents/GitHub/discovery-defender-vr/Discovery Defender VR
C:/Users/SIVC/Documents/GitHub/discovery-defender-vr/Discovery Defender VR
Using Asset Import Pipeline V2.
Refreshing native plugins compatible for Editor in 72.17 ms, found 4 plugins.
Preloading 1 native plugins for Editor in 1.01 ms.
Initialize engine version: 2020.3.3f1 (76626098c1c4)
[Subsystems] Discovering subsystems at path C:/Program Files/Unity/Hub/Editor/2020.3.3f1/Editor/Data/Resources/UnitySubsystems
[Subsystems] Discovering subsystems at path C:/Users/SIVC/Documents/GitHub/discovery-defender-vr/Discovery Defender VR/Assets
GfxDevice: creating device client; threaded=0
Direct3D:
    Version:  Direct3D 11.0 [level 11.1]
    Renderer: NVIDIA GeForce GTX 1080 (ID=0x1b80)
    Vendor:   
    VRAM:     8079 MB
    Driver:   25.21.14.1634
Shader 'Oculus/OVRMRCameraFrameLit': fallback shader 'Alpha-Diffuse' not found
Initialize mono
Mono path[0] = 'C:/Program Files/Unity/Hub/Editor/2020.3.3f1/Editor/Data/Managed'
Mono path[1] = 'C:/Program Files/Unity/Hub/Editor/2020.3.3f1/Editor/Data/MonoBleedingEdge/lib/mono/unityjit'
Mono config path = 'C:/Program Files/Unity/Hub/Editor/2020.3.3f1/Editor/Data/MonoBleedingEdge/etc'
Using monoOptions --debugger-agent=transport=dt_socket,embedding=1,server=y,suspend=n,address=127.0.0.1:56348
Begin MonoManager ReloadAssembly
Registering precompiled unity dll's ...
Register platform support module: C:/Program Files/Unity/Hub/Editor/2020.3.3f1/Editor/Data/PlaybackEngines/WebGLSupport/UnityEditor.WebGL.Extensions.dll
Register platform support module: C:/Program Files/Unity/Hub/Editor/2020.3.3f1/Editor/Data/PlaybackEngines/WindowsStandaloneSupport/UnityEditor.WindowsStandalone.Extensions.dll
Register platform support module: C:/Program Files/Unity/Hub/Editor/2020.3.3f1/Editor/Data/PlaybackEngines/LuminSupport/UnityEditor.Lumin.Extensions.dll
Registered in 0.001677 seconds.
Native extension for Lumin target not found
Native extension for WindowsStandalone target not found
Native extension for WebGL target not found
Refreshing native plugins compatible for Editor in 63.31 ms, found 4 plugins.
Preloading 1 native plugins for Editor in 0.07 ms.
Invoked RoslynAnalysisRunner static constructor.
RoslynAnalysisRunner will not be running.
RoslynAnalysisRunner has terminated.
Mono: successfully reloaded assembly
- Completed reload, in  1.437 seconds
Platform modules already initialized, skipping
Registering precompiled user dll's ...
Registered in 0.001817 seconds.
Begin MonoManager ReloadAssembly
Native extension for Lumin target not found
Native extension for WindowsStandalone target not found
Native extension for WebGL target not found
Refreshing native plugins compatible for Editor in 0.68 ms, found 4 plugins.
Preloading 1 native plugins for Editor in 0.12 ms.
Invoked RoslynAnalysisRunner static constructor.
RoslynAnalysisRunner will not be running.
RoslynAnalysisRunner has terminated.
[XR] OculusXRPlugin: registering subsystems
[XR] Unable to register display lifecyle provider: [1]
[XR] Oculus Input lifecycle provider registered.
[XR] Unable to register input lifecyle provider: [1]
[XR] OVRP version 1.57.0
Mono: successfully reloaded assembly
- Completed reload, in  1.150 seconds
Platform modules already initialized, skipping
========================================================================
Worker process is ready to serve import requests
Shader 'Oculus/OVRMRCameraFrameLit': fallback shader 'Alpha-Diffuse' not found
Launched and connected shader compiler UnityShaderCompiler.exe after 0.04 seconds
Refreshing native plugins compatible for Editor in 0.86 ms, found 4 plugins.
Preloading 1 native plugins for Editor in 0.12 ms.
Unloading 1754 Unused Serialized files (Serialized files now loaded: 0)
System memory in use before: 91.0 MB.
System memory in use after: 91.1 MB.

Unloading 34 unused Assets to reduce memory usage. Loaded Objects now: 2186.
Total: 2.329840 ms (FindLiveObjects: 0.313089 ms CreateObjectMapping: 0.100056 ms MarkObjects: 1.787793 ms  DeleteObjects: 0.127399 ms)

========================================================================
Received Import Request.
  path: Assets/Oculus/SampleFramework/Core/HandsInteraction/Materials/PokeMaterial.mat
  artifactKey: Guid(4f7fe89ad7fd14a4a9a5ebc776621cef) Importer(815301076,1909f56bfc062723c751e8b465ee728b)
Start importing Assets/Oculus/SampleFramework/Core/HandsInteraction/Materials/PokeMaterial.mat using Guid(4f7fe89ad7fd14a4a9a5ebc776621cef) Importer(815301076,1909f56bfc062723c751e8b465ee728b)  -> (artifact id: '55ef6f2782268c9c2b20b29128c418db') in 0.188955 seconds
  Import took 0.193188 seconds .

========================================================================
Received Import Request.
  Time since last request: 0.000296 seconds.
  path: Assets/Oculus/SampleFramework/Usage/DistanceGrab/Materials/SoccerWhiteWithOutline.mat
  artifactKey: Guid(1b2c77624612445c59f6e3ed3e4c9638) Importer(815301076,1909f56bfc062723c751e8b465ee728b)
Start importing Assets/Oculus/SampleFramework/Usage/DistanceGrab/Materials/SoccerWhiteWithOutline.mat using Guid(1b2c77624612445c59f6e3ed3e4c9638) Importer(815301076,1909f56bfc062723c751e8b465ee728b)  -> (artifact id: '2436bf2f8716f7db79e10cf3a5b227c4') in 0.040747 seconds
  Import took 0.047532 seconds .

========================================================================
Received Import Request.
  Time since last request: 0.000291 seconds.
  path: Assets/Oculus/SampleFramework/Usage/HandsTrainExample/Materials/SkyboxForLightbaking.mat
  artifactKey: Guid(b95594ffeaf238c46a8d575dcd72705a) Importer(815301076,1909f56bfc062723c751e8b465ee728b)
Start importing Assets/Oculus/SampleFramework/Usage/HandsTrainExample/Materials/SkyboxForLightbaking.mat using Guid(b95594ffeaf238c46a8d575dcd72705a) Importer(815301076,1909f56bfc062723c751e8b465ee728b)  -> (artifact id: 'ede03c352b757f91a5430eec069014d8') in 0.065317 seconds
  Import took 0.089509 seconds .

========================================================================
Received Import Request.
  Time since last request: 0.000456 seconds.
  path: Assets/Oculus/SampleFramework/Core/TouchControllers/Materials/R_controller_MAT.mat
  artifactKey: Guid(14179725cf9421448b565469bfc84247) Importer(815301076,1909f56bfc062723c751e8b465ee728b)
Start importing Assets/Oculus/SampleFramework/Core/TouchControllers/Materials/R_controller_MAT.mat using Guid(14179725cf9421448b565469bfc84247) Importer(815301076,1909f56bfc062723c751e8b465ee728b)  -> (artifact id: '43e3ee77f5a937f686a2b66358697e8f') in 0.062402 seconds
  Import took 0.072253 seconds .

========================================================================
Received Import Request.
  Time since last request: 0.000570 seconds.
  path: Assets/Oculus/SampleFramework/Usage/Locomotion/Materials/MAT_floor_wood_01.mat
  artifactKey: Guid(5d1946ce7cee747e6aa39a6ea4350e11) Importer(815301076,1909f56bfc062723c751e8b465ee728b)
Start importing Assets/Oculus/SampleFramework/Usage/Locomotion/Materials/MAT_floor_wood_01.mat using Guid(5d1946ce7cee747e6aa39a6ea4350e11) Importer(815301076,1909f56bfc062723c751e8b465ee728b)  -> (artifact id: 'ef7b1084e6a8628fb364db3bba33f131') in 0.238248 seconds
  Import took 0.246337 seconds .

========================================================================
Received Import Request.
  Time since last request: 0.000334 seconds.
  path: Assets/Oculus/SampleFramework/Core/TouchControllers/Materials/R_controller_gloss_MAT.mat
  artifactKey: Guid(6dca398ec6487b142811f0497ed47f6d) Importer(815301076,1909f56bfc062723c751e8b465ee728b)
Start importing Assets/Oculus/SampleFramework/Core/TouchControllers/Materials/R_controller_gloss_MAT.mat using Guid(6dca398ec6487b142811f0497ed47f6d) Importer(815301076,1909f56bfc062723c751e8b465ee728b)  -> (artifact id: '83d9e0d98f0bbd288920ee8c0beb5a5c') in 0.038241 seconds
  Import took 0.042557 seconds .

========================================================================
Received Import Request.
  Time since last request: 0.000255 seconds.
  path: Assets/Oculus/VR/Materials/CubeMaterial.mat
  artifactKey: Guid(62db2d638434d5a488dfb1e789e34b37) Importer(815301076,1909f56bfc062723c751e8b465ee728b)
Start importing Assets/Oculus/VR/Materials/CubeMaterial.mat using Guid(62db2d638434d5a488dfb1e789e34b37) Importer(815301076,1909f56bfc062723c751e8b465ee728b)  -> (artifact id: 'd927bffff533e18bbee85cf3439b21aa') in 0.039282 seconds
  Import took 0.043989 seconds .

========================================================================
Received Import Request.
  Time since last request: 0.000301 seconds.
  path: Assets/Oculus/SampleFramework/Usage/HandsTrainExample/Materials/HandsNotificationMaterial.mat
  artifactKey: Guid(497f7cc045d01f1479c242f0b883e8f2) Importer(815301076,1909f56bfc062723c751e8b465ee728b)
Start importing Assets/Oculus/SampleFramework/Usage/HandsTrainExample/Materials/HandsNotificationMaterial.mat using Guid(497f7cc045d01f1479c242f0b883e8f2) Importer(815301076,1909f56bfc062723c751e8b465ee728b)  -> (artifact id: '6cf7f8dec6c6a6eacd209b4d8f04a3bc') in 0.027154 seconds
  Import took 0.031594 seconds .

========================================================================
Received Import Request.
  Time since last request: 0.000391 seconds.
  path: Assets/Oculus/SampleFramework/Core/TouchControllers/Materials/R_controller_DIF.mat
  artifactKey: Guid(7842888294a7e0e4ea4d15e9f8eb2650) Importer(815301076,1909f56bfc062723c751e8b465ee728b)
Start importing Assets/Oculus/SampleFramework/Core/TouchControllers/Materials/R_controller_DIF.mat using Guid(7842888294a7e0e4ea4d15e9f8eb2650) Importer(815301076,1909f56bfc062723c751e8b465ee728b)  -> (artifact id: 'f8f5505a5d08596f92c643c3bfe5245f') in 0.213685 seconds
  Import took 0.218122 seconds .

========================================================================
Received Import Request.
  Time since last request: 0.000293 seconds.
  path: Assets/Oculus/Spatializer/scenes/materials/Ground.mat
  artifactKey: Guid(e121bf11a9143914dbafa9e733415f2a) Importer(815301076,1909f56bfc062723c751e8b465ee728b)
Start importing Assets/Oculus/Spatializer/scenes/materials/Ground.mat using Guid(e121bf11a9143914dbafa9e733415f2a) Importer(815301076,1909f56bfc062723c751e8b465ee728b)  -> (artifact id: 'cde9cbe160308b7acbad02ce3ca911ec') in 0.026662 seconds
  Import took 0.030820 seconds .

========================================================================
Received Import Request.
  Time since last request: 0.000426 seconds.
  path: Assets/Oculus/SampleFramework/Usage/HandsTrainExample/Materials/GridMat.mat
  artifactKey: Guid(ef9e1306ede8d0f48b798c2341d75ffc) Importer(815301076,1909f56bfc062723c751e8b465ee728b)
Start importing Assets/Oculus/SampleFramework/Usage/HandsTrainExample/Materials/GridMat.mat using Guid(ef9e1306ede8d0f48b798c2341d75ffc) Importer(815301076,1909f56bfc062723c751e8b465ee728b)  -> (artifact id: 'ec02c5f1acb00ef81dd255036523ef72') in 0.023562 seconds
  Import took 0.029107 seconds .

========================================================================
Received Import Request.
  Time since last request: 0.000237 seconds.
  path: Assets/Oculus/SampleFramework/Usage/HandsTrainExample/Materials/ControllerBoxGlow.mat
  artifactKey: Guid(a439cfb9369c1404d9db2e5580667b14) Importer(815301076,1909f56bfc062723c751e8b465ee728b)
Start importing Assets/Oculus/SampleFramework/Usage/HandsTrainExample/Materials/ControllerBoxGlow.mat using Guid(a439cfb9369c1404d9db2e5580667b14) Importer(815301076,1909f56bfc062723c751e8b465ee728b)  -> (artifact id: 'e0a0da9d908ca3653ffbd629fd42d039') in 0.029427 seconds
  Import took 0.034180 seconds .

========================================================================
Received Import Request.
  Time since last request: 0.000214 seconds.
  path: Assets/Oculus/SampleFramework/Core/CustomHands/Materials/Hands_transparent.mat
  artifactKey: Guid(944feb076639a4d39b750e3cb5d7dfab) Importer(815301076,1909f56bfc062723c751e8b465ee728b)
Start importing Assets/Oculus/SampleFramework/Core/CustomHands/Materials/Hands_transparent.mat using Guid(944feb076639a4d39b750e3cb5d7dfab) Importer(815301076,1909f56bfc062723c751e8b465ee728b)  -> (artifact id: '4bcda9eb1604377c09b8b4e493395171') in 0.197193 seconds
  Import took 0.201596 seconds .

========================================================================
Received Import Request.
  Time since last request: 0.000281 seconds.
  path: Assets/Oculus/SampleFramework/Usage/HandsTrainExample/Materials/SelectionCylinderBase.mat
  artifactKey: Guid(12d9a49768b575643a552c2ce6fdc26e) Importer(815301076,1909f56bfc062723c751e8b465ee728b)
Start importing Assets/Oculus/SampleFramework/Usage/HandsTrainExample/Materials/SelectionCylinderBase.mat using Guid(12d9a49768b575643a552c2ce6fdc26e) Importer(815301076,1909f56bfc062723c751e8b465ee728b)  -> (artifact id: '7a4c632420e06906a36ac05ebea274e0') in 0.030309 seconds
  Import took 0.034613 seconds .

========================================================================
Received Import Request.
  Time since last request: 0.000237 seconds.
  path: Assets/Oculus/SampleFramework/Usage/HandsTrainExample/Materials/ControllerBox.mat
  artifactKey: Guid(520a8c6c6d409b44d921cd1e654d1807) Importer(815301076,1909f56bfc062723c751e8b465ee728b)
Start importing Assets/Oculus/SampleFramework/Usage/HandsTrainExample/Materials/ControllerBox.mat using Guid(520a8c6c6d409b44d921cd1e654d1807) Importer(815301076,1909f56bfc062723c751e8b465ee728b)  -> (artifact id: '1e25fca90ce7972a2975a8236c2e6f9b') in 0.050428 seconds
  Import took 0.054994 seconds .

========================================================================
Received Import Request.
  Time since last request: 0.000237 seconds.
  path: Assets/Oculus/SampleFramework/Usage/HandsTrainExample/Materials/SelectionCylinder.mat
  artifactKey: Guid(31cce59a5784d22409cb8fc86a99f275) Importer(815301076,1909f56bfc062723c751e8b465ee728b)
Start importing Assets/Oculus/SampleFramework/Usage/HandsTrainExample/Materials/SelectionCylinder.mat using Guid(31cce59a5784d22409cb8fc86a99f275) Importer(815301076,1909f56bfc062723c751e8b465ee728b)  -> (artifact id: '3f32d5fa99760847eda3f0b49b1d9b93') in 0.028048 seconds
  Import took 0.032171 seconds .

========================================================================
Received Import Request.
  Time since last request: 0.000248 seconds.
  path: Assets/Oculus/VR/Meshes/HandTracking/OculusHand_R.fbx
  artifactKey: Guid(88e2e1bfe11ec6c438b0ade27eaeded1) Importer(815301076,1909f56bfc062723c751e8b465ee728b)
Start importing Assets/Oculus/VR/Meshes/HandTracking/OculusHand_R.fbx using Guid(88e2e1bfe11ec6c438b0ade27eaeded1) Importer(815301076,1909f56bfc062723c751e8b465ee728b)  -> (artifact id: 'a9e1d7ddb8e4cce2ce21e9d5d36b40ab') in 0.162796 seconds
  Import took 0.166711 seconds .

========================================================================
Received Import Request.
  Time since last request: 0.000274 seconds.
  path: Assets/Oculus/SampleFramework/Usage/HandsTrainExample/Materials/SmokeBillowMat.mat
  artifactKey: Guid(92273b6e1c2f94d4e890fe1d8be56869) Importer(815301076,1909f56bfc062723c751e8b465ee728b)
Start importing Assets/Oculus/SampleFramework/Usage/HandsTrainExample/Materials/SmokeBillowMat.mat using Guid(92273b6e1c2f94d4e890fe1d8be56869) Importer(815301076,1909f56bfc062723c751e8b465ee728b)  -> (artifact id: '7bae387da329c212de207170eb61fb33') in 0.033031 seconds
  Import took 0.038095 seconds .

========================================================================
Received Import Request.
  Time since last request: 0.000294 seconds.
  path: Assets/Oculus/SampleFramework/Core/CustomHands/Models/HandMaterial.mat
  artifactKey: Guid(cc8c9e8a516866042b69a6919d0ab885) Importer(815301076,1909f56bfc062723c751e8b465ee728b)
Start importing Assets/Oculus/SampleFramework/Core/CustomHands/Models/HandMaterial.mat using Guid(cc8c9e8a516866042b69a6919d0ab885) Importer(815301076,1909f56bfc062723c751e8b465ee728b)  -> (artifact id: '26740eec909014c3a5fe855a8efe9e00') in 0.026258 seconds
  Import took 0.031663 seconds .

========================================================================
Received Import Request.
  Time since last request: 0.000522 seconds.
  path: Assets/Oculus/SampleFramework/Usage/DistanceGrab/Materials/Ball10WithOutline.mat
  artifactKey: Guid(d00d1a54e2eb041f4aaa2e3a08cd3e93) Importer(815301076,1909f56bfc062723c751e8b465ee728b)
Start importing Assets/Oculus/SampleFramework/Usage/DistanceGrab/Materials/Ball10WithOutline.mat using Guid(d00d1a54e2eb041f4aaa2e3a08cd3e93) Importer(815301076,1909f56bfc062723c751e8b465ee728b)  -> (artifact id: '600390ebbf449725028fb38165dfed26') in 0.029064 seconds
  Import took 0.033560 seconds .

========================================================================
Received Import Request.
  Time since last request: 0.000330 seconds.
  path: Assets/Oculus/Avatar/Samples/SocialStarter/Assets/Materials/GearHelp.mat
  artifactKey: Guid(09c03a3c5049d234590b91bbc6e84462) Importer(815301076,1909f56bfc062723c751e8b465ee728b)
Start importing Assets/Oculus/Avatar/Samples/SocialStarter/Assets/Materials/GearHelp.mat using Guid(09c03a3c5049d234590b91bbc6e84462) Importer(815301076,1909f56bfc062723c751e8b465ee728b)  -> (artifact id: '739ee1929f1dfe46cca77370b74b07ef') in 0.026388 seconds
  Import took 0.031422 seconds .

========================================================================
Received Import Request.
  Time since last request: 0.000258 seconds.
  path: Assets/Oculus/SampleFramework/Core/HandsInteraction/Materials/SkeletonBoneMaterial.mat
  artifactKey: Guid(abb80e58ce7c0a842a4758d09d9d71e0) Importer(815301076,1909f56bfc062723c751e8b465ee728b)
Start importing Assets/Oculus/SampleFramework/Core/HandsInteraction/Materials/SkeletonBoneMaterial.mat using Guid(abb80e58ce7c0a842a4758d09d9d71e0) Importer(815301076,1909f56bfc062723c751e8b465ee728b)  -> (artifact id: '0489bde5808e4f13b7d9499108f95538') in 0.028258 seconds
  Import took 0.033442 seconds .

========================================================================
Received Import Request.
  Time since last request: 0.000688 seconds.
  path: Assets/Oculus/SampleFramework/Usage/HandsTrainExample/Materials/SmokeMat.mat
  artifactKey: Guid(463470a59e6ccd448999b90b0fe8a1b4) Importer(815301076,1909f56bfc062723c751e8b465ee728b)
Start importing Assets/Oculus/SampleFramework/Usage/HandsTrainExample/Materials/SmokeMat.mat using Guid(463470a59e6ccd448999b90b0fe8a1b4) Importer(815301076,1909f56bfc062723c751e8b465ee728b)  -> (artifact id: 'fa1c3269ade019a31d9924b6e4a86707') in 0.030163 seconds
  Import took 0.035087 seconds .

========================================================================
Received Import Request.
  Time since last request: 0.000242 seconds.
  path: Assets/Oculus/LipSync/Models/FemaleHead_Morph/Materials/outerEyeShell.mat
  artifactKey: Guid(76f25b997543f432bbe00737485b392e) Importer(815301076,1909f56bfc062723c751e8b465ee728b)
Start importing Assets/Oculus/LipSync/Models/FemaleHead_Morph/Materials/outerEyeShell.mat using Guid(76f25b997543f432bbe00737485b392e) Importer(815301076,1909f56bfc062723c751e8b465ee728b)  -> (artifact id: 'd21444aafe6256cf86287736039b3ccd') in 0.298634 seconds
  Import took 0.303184 seconds .

========================================================================
Received Import Request.
  Time since last request: 0.000468 seconds.
  path: Assets/Oculus/SampleFramework/Usage/Locomotion/Materials/MAT_brick_01.mat
  artifactKey: Guid(eded406ac811741c5a8a5142b2043467) Importer(815301076,1909f56bfc062723c751e8b465ee728b)
Start importing Assets/Oculus/SampleFramework/Usage/Locomotion/Materials/MAT_brick_01.mat using Guid(eded406ac811741c5a8a5142b2043467) Importer(815301076,1909f56bfc062723c751e8b465ee728b)  -> (artifact id: 'ede77e7d1aa7f82c70db0b462b61e02e') in 0.051124 seconds
  Import took 0.055160 seconds .

========================================================================
Received Import Request.
  Time since last request: 0.000302 seconds.
  path: Assets/Oculus/SampleFramework/Core/TouchControllers/Materials/L_controller_gloss_MAT.mat
  artifactKey: Guid(165c00e6a6441ba4c928870ca72b6395) Importer(815301076,1909f56bfc062723c751e8b465ee728b)
Start importing Assets/Oculus/SampleFramework/Core/TouchControllers/Materials/L_controller_gloss_MAT.mat using Guid(165c00e6a6441ba4c928870ca72b6395) Importer(815301076,1909f56bfc062723c751e8b465ee728b)  -> (artifact id: '1a7bca6ccc7f891ed1543033ff82d521') in 0.033697 seconds
  Import took 0.038855 seconds .

========================================================================
Received Import Request.
  Time since last request: 0.000291 seconds.
  path: Assets/Oculus/SampleFramework/Usage/Locomotion/Materials/MAT_metal_01.mat
  artifactKey: Guid(6fa48c2a126d0d74e8bb671b62e8cb1b) Importer(815301076,1909f56bfc062723c751e8b465ee728b)
Start importing Assets/Oculus/SampleFramework/Usage/Locomotion/Materials/MAT_metal_01.mat using Guid(6fa48c2a126d0d74e8bb671b62e8cb1b) Importer(815301076,1909f56bfc062723c751e8b465ee728b)  -> (artifact id: '0d7e662be8b5614696b07953f4404fe8') in 0.047964 seconds
  Import took 0.051657 seconds .

========================================================================
Received Import Request.
  Time since last request: 0.000246 seconds.
  path: Assets/Oculus/SampleFramework/Usage/DistanceGrab/Materials/SoccerBlackWithOutline.mat
  artifactKey: Guid(66fffd1e8231547c79ebe557deb6c501) Importer(815301076,1909f56bfc062723c751e8b465ee728b)
Start importing Assets/Oculus/SampleFramework/Usage/DistanceGrab/Materials/SoccerBlackWithOutline.mat using Guid(66fffd1e8231547c79ebe557deb6c501) Importer(815301076,1909f56bfc062723c751e8b465ee728b)  -> (artifact id: 'e5fc031805bcdf0b899361d990ee099b') in 0.026873 seconds
  Import took 0.031107 seconds .

========================================================================
Received Import Request.
  Time since last request: 0.000341 seconds.
  path: Assets/Oculus/VR/Materials/GazePointer.mat
  artifactKey: Guid(3fac3b9744290eb4c89b0e4ffd5fe085) Importer(815301076,1909f56bfc062723c751e8b465ee728b)
Start importing Assets/Oculus/VR/Materials/GazePointer.mat using Guid(3fac3b9744290eb4c89b0e4ffd5fe085) Importer(815301076,1909f56bfc062723c751e8b465ee728b)  -> (artifact id: '414dfefafa8b3fdbe69912439e599187') in 0.027642 seconds
  Import took 0.032126 seconds .

========================================================================
Received Import Request.
  Time since last request: 0.000285 seconds.
  path: Assets/Oculus/LipSync/Models/FemaleHead_Morph/Materials/shirt.mat
  artifactKey: Guid(0ad01ecbcffbb4c91af7ffa1ebc14f74) Importer(815301076,1909f56bfc062723c751e8b465ee728b)
Start importing Assets/Oculus/LipSync/Models/FemaleHead_Morph/Materials/shirt.mat using Guid(0ad01ecbcffbb4c91af7ffa1ebc14f74) Importer(815301076,1909f56bfc062723c751e8b465ee728b)  -> (artifact id: 'c801d145ada5affd91b01be4eafeedfc') in 0.026731 seconds
  Import took 0.032132 seconds .

========================================================================
Received Import Request.
  Time since last request: 85.490192 seconds.
  path: Assets/ImpactSparks.prefab
  artifactKey: Guid(0a4a75f15bb044045a6911f1b663873d) Importer(815301076,1909f56bfc062723c751e8b465ee728b)
Start importing Assets/ImpactSparks.prefab using Guid(0a4a75f15bb044045a6911f1b663873d) Importer(815301076,1909f56bfc062723c751e8b465ee728b)  -> (artifact id: '2c355073073da071a0aaa12bf42f2969') in 0.020826 seconds
  Import took 0.025041 seconds .

========================================================================
Received Prepare
Registering precompiled user dll's ...
Registered in 0.002075 seconds.
Begin MonoManager ReloadAssembly
Native extension for Lumin target not found
Native extension for WindowsStandalone target not found
Native extension for WebGL target not found
Refreshing native plugins compatible for Editor in 0.62 ms, found 4 plugins.
Preloading 1 native plugins for Editor in 0.07 ms.
Invoked RoslynAnalysisRunner static constructor.
RoslynAnalysisRunner will not be running.
RoslynAnalysisRunner has terminated.
Mono: successfully reloaded assembly
- Completed reload, in  0.904 seconds
Platform modules already initialized, skipping
Shader 'Oculus/OVRMRCameraFrameLit': fallback shader 'Alpha-Diffuse' not found
Refreshing native plugins compatible for Editor in 0.70 ms, found 4 plugins.
Preloading 1 native plugins for Editor in 0.06 ms.
Unloading 1692 Unused Serialized files (Serialized files now loaded: 0)
System memory in use before: 103.4 MB.
System memory in use after: 103.5 MB.

Unloading 29 unused Assets to reduce memory usage. Loaded Objects now: 2236.
Total: 2.469558 ms (FindLiveObjects: 0.227455 ms CreateObjectMapping: 0.069709 ms MarkObjects: 2.029671 ms  DeleteObjects: 0.141521 ms)

========================================================================
Received Import Request.
  Time since last request: 104.268129 seconds.
  path: Assets/Prefabs/Laser.prefab
  artifactKey: Guid(4786dd8b33a050c4d8dba1a7a4707ff1) Importer(815301076,1909f56bfc062723c751e8b465ee728b)
Start importing Assets/Prefabs/Laser.prefab using Guid(4786dd8b33a050c4d8dba1a7a4707ff1) Importer(815301076,1909f56bfc062723c751e8b465ee728b)  -> (artifact id: '351e39351380c7bc5e13ae1000f11135') in 0.076943 seconds
  Import took 0.080208 seconds .

========================================================================
Received Prepare
Registering precompiled user dll's ...
Registered in 0.002070 seconds.
Begin MonoManager ReloadAssembly
Native extension for Lumin target not found
Native extension for WindowsStandalone target not found
Native extension for WebGL target not found
Refreshing native plugins compatible for Editor in 0.61 ms, found 4 plugins.
Preloading 1 native plugins for Editor in 0.07 ms.
Invoked RoslynAnalysisRunner static constructor.
RoslynAnalysisRunner will not be running.
RoslynAnalysisRunner has terminated.
Mono: successfully reloaded assembly
- Completed reload, in  0.897 seconds
Platform modules already initialized, skipping
Shader 'Oculus/OVRMRCameraFrameLit': fallback shader 'Alpha-Diffuse' not found
Refreshing native plugins compatible for Editor in 0.67 ms, found 4 plugins.
Preloading 1 native plugins for Editor in 0.07 ms.
Unloading 1692 Unused Serialized files (Serialized files now loaded: 0)
System memory in use before: 103.4 MB.
System memory in use after: 103.5 MB.

Unloading 29 unused Assets to reduce memory usage. Loaded Objects now: 2242.
Total: 2.403455 ms (FindLiveObjects: 0.317596 ms CreateObjectMapping: 0.084131 ms MarkObjects: 1.851793 ms  DeleteObjects: 0.134610 ms)

========================================================================
Received Prepare
Registering precompiled user dll's ...
Registered in 0.003119 seconds.
Begin MonoManager ReloadAssembly
Native extension for Lumin target not found
Native extension for WindowsStandalone target not found
Native extension for WebGL target not found
Refreshing native plugins compatible for Editor in 1.32 ms, found 4 plugins.
Preloading 1 native plugins for Editor in 0.16 ms.
Invoked RoslynAnalysisRunner static constructor.
RoslynAnalysisRunner will not be running.
RoslynAnalysisRunner has terminated.
Mono: successfully reloaded assembly
- Completed reload, in  0.988 seconds
Platform modules already initialized, skipping
Shader 'Oculus/OVRMRCameraFrameLit': fallback shader 'Alpha-Diffuse' not found
Refreshing native plugins compatible for Editor in 1.05 ms, found 4 plugins.
Preloading 1 native plugins for Editor in 0.11 ms.
Unloading 1692 Unused Serialized files (Serialized files now loaded: 0)
System memory in use before: 103.4 MB.
System memory in use after: 103.5 MB.

Unloading 29 unused Assets to reduce memory usage. Loaded Objects now: 2246.
Total: 3.088224 ms (FindLiveObjects: 0.521915 ms CreateObjectMapping: 0.163455 ms MarkObjects: 2.293483 ms  DeleteObjects: 0.108169 ms)

========================================================================
Received Prepare
Registering precompiled user dll's ...
Registered in 0.002096 seconds.
Begin MonoManager ReloadAssembly
Native extension for Lumin target not found
Native extension for WindowsStandalone target not found
Native extension for WebGL target not found
Refreshing native plugins compatible for Editor in 0.67 ms, found 4 plugins.
Preloading 1 native plugins for Editor in 0.08 ms.
Invoked RoslynAnalysisRunner static constructor.
RoslynAnalysisRunner will not be running.
RoslynAnalysisRunner has terminated.
Mono: successfully reloaded assembly
- Completed reload, in  1.123 seconds
Platform modules already initialized, skipping
Shader 'Oculus/OVRMRCameraFrameLit': fallback shader 'Alpha-Diffuse' not found
Refreshing native plugins compatible for Editor in 0.64 ms, found 4 plugins.
Preloading 1 native plugins for Editor in 0.06 ms.
Unloading 1692 Unused Serialized files (Serialized files now loaded: 0)
System memory in use before: 103.5 MB.
System memory in use after: 103.5 MB.

Unloading 29 unused Assets to reduce memory usage. Loaded Objects now: 2250.
Total: 3.259792 ms (FindLiveObjects: 0.728338 ms CreateObjectMapping: 0.162253 ms MarkObjects: 2.156769 ms  DeleteObjects: 0.209728 ms)

========================================================================
Received Prepare
Registering precompiled user dll's ...
Registered in 0.003072 seconds.
Begin MonoManager ReloadAssembly
Native extension for Lumin target not found
Native extension for WindowsStandalone target not found
Native extension for WebGL target not found
Refreshing native plugins compatible for Editor in 0.83 ms, found 4 plugins.
Preloading 1 native plugins for Editor in 0.09 ms.
Invoked RoslynAnalysisRunner static constructor.
RoslynAnalysisRunner will not be running.
RoslynAnalysisRunner has terminated.
Mono: successfully reloaded assembly
- Completed reload, in  0.973 seconds
Platform modules already initialized, skipping
Shader 'Oculus/OVRMRCameraFrameLit': fallback shader 'Alpha-Diffuse' not found
Refreshing native plugins compatible for Editor in 0.78 ms, found 4 plugins.
Preloading 1 native plugins for Editor in 0.09 ms.
Unloading 1692 Unused Serialized files (Serialized files now loaded: 0)
System memory in use before: 103.5 MB.
System memory in use after: 103.6 MB.

Unloading 29 unused Assets to reduce memory usage. Loaded Objects now: 2254.
Total: 2.547980 ms (FindLiveObjects: 0.310084 ms CreateObjectMapping: 0.134911 ms MarkObjects: 1.977089 ms  DeleteObjects: 0.124394 ms)

========================================================================
Received Prepare
Registering precompiled user dll's ...
Registered in 0.002135 seconds.
Begin MonoManager ReloadAssembly
Native extension for Lumin target not found
Native extension for WindowsStandalone target not found
Native extension for WebGL target not found
Refreshing native plugins compatible for Editor in 1.40 ms, found 4 plugins.
Preloading 1 native plugins for Editor in 0.11 ms.
Invoked RoslynAnalysisRunner static constructor.
RoslynAnalysisRunner will not be running.
RoslynAnalysisRunner has terminated.
Mono: successfully reloaded assembly
- Completed reload, in  1.064 seconds
Platform modules already initialized, skipping
Shader 'Oculus/OVRMRCameraFrameLit': fallback shader 'Alpha-Diffuse' not found
Refreshing native plugins compatible for Editor in 0.92 ms, found 4 plugins.
Preloading 1 native plugins for Editor in 0.50 ms.
Unloading 1692 Unused Serialized files (Serialized files now loaded: 0)
System memory in use before: 103.5 MB.
System memory in use after: 103.6 MB.

Unloading 29 unused Assets to reduce memory usage. Loaded Objects now: 2258.
Total: 4.111022 ms (FindLiveObjects: 0.322404 ms CreateObjectMapping: 0.182986 ms MarkObjects: 3.484844 ms  DeleteObjects: 0.118986 ms)

========================================================================
Received Import Request.
  Time since last request: 240.437770 seconds.
  path: Assets/ImpactSparks.prefab
  artifactKey: Guid(0a4a75f15bb044045a6911f1b663873d) Importer(815301076,1909f56bfc062723c751e8b465ee728b)
Start importing Assets/ImpactSparks.prefab using Guid(0a4a75f15bb044045a6911f1b663873d) Importer(815301076,1909f56bfc062723c751e8b465ee728b)  -> (artifact id: '9705f2ab4f9019c74db96c6e9588bcdc') in 0.036984 seconds
  Import took 0.041721 seconds .

========================================================================
Received Import Request.
  Time since last request: 1.273471 seconds.
  path: Assets/ImpactSparks.prefab
  artifactKey: Guid(0a4a75f15bb044045a6911f1b663873d) Importer(815301076,1909f56bfc062723c751e8b465ee728b)
Start importing Assets/ImpactSparks.prefab using Guid(0a4a75f15bb044045a6911f1b663873d) Importer(815301076,1909f56bfc062723c751e8b465ee728b)  -> (artifact id: 'df0ea81e2db251c4abf8dfe20676e86d') in 0.008117 seconds
  Import took 0.012986 seconds .

========================================================================
Received Import Request.
  Time since last request: 2.446888 seconds.
  path: Assets/ImpactSparks.prefab
  artifactKey: Guid(0a4a75f15bb044045a6911f1b663873d) Importer(815301076,1909f56bfc062723c751e8b465ee728b)
Start importing Assets/ImpactSparks.prefab using Guid(0a4a75f15bb044045a6911f1b663873d) Importer(815301076,1909f56bfc062723c751e8b465ee728b)  -> (artifact id: '8c462f4e048f0389116499d1c0d1cddd') in 0.012119 seconds
  Import took 0.026153 seconds .

========================================================================
Received Import Request.
  Time since last request: 1.169892 seconds.
  path: Assets/ImpactSparks.prefab
  artifactKey: Guid(0a4a75f15bb044045a6911f1b663873d) Importer(815301076,1909f56bfc062723c751e8b465ee728b)
Start importing Assets/ImpactSparks.prefab using Guid(0a4a75f15bb044045a6911f1b663873d) Importer(815301076,1909f56bfc062723c751e8b465ee728b)  -> (artifact id: 'f5b5e66b465113e078d8ce2af505e8cf') in 0.008662 seconds
  Import took 0.013972 seconds .

========================================================================
Received Import Request.
  Time since last request: 1.085955 seconds.
  path: Assets/Prefabs/Laser.prefab
  artifactKey: Guid(4786dd8b33a050c4d8dba1a7a4707ff1) Importer(815301076,1909f56bfc062723c751e8b465ee728b)
Start importing Assets/Prefabs/Laser.prefab using Guid(4786dd8b33a050c4d8dba1a7a4707ff1) Importer(815301076,1909f56bfc062723c751e8b465ee728b)  -> (artifact id: '80449e24bebbf5e56a5c1510030f794c') in 0.074403 seconds
  Import took 0.079392 seconds .

========================================================================
Received Prepare
Registering precompiled user dll's ...
Registered in 0.003198 seconds.
Begin MonoManager ReloadAssembly
Native extension for Lumin target not found
Native extension for WindowsStandalone target not found
Native extension for WebGL target not found
Refreshing native plugins compatible for Editor in 1.14 ms, found 4 plugins.
Preloading 1 native plugins for Editor in 0.11 ms.
Invoked RoslynAnalysisRunner static constructor.
RoslynAnalysisRunner will not be running.
RoslynAnalysisRunner has terminated.
Mono: successfully reloaded assembly
- Completed reload, in  1.105 seconds
Platform modules already initialized, skipping
Shader 'Oculus/OVRMRCameraFrameLit': fallback shader 'Alpha-Diffuse' not found
Refreshing native plugins compatible for Editor in 0.75 ms, found 4 plugins.
Preloading 1 native plugins for Editor in 0.08 ms.
Unloading 1692 Unused Serialized files (Serialized files now loaded: 0)
System memory in use before: 103.5 MB.
System memory in use after: 103.6 MB.

Unloading 29 unused Assets to reduce memory usage. Loaded Objects now: 2263.
Total: 2.530854 ms (FindLiveObjects: 0.285145 ms CreateObjectMapping: 0.106667 ms MarkObjects: 1.987305 ms  DeleteObjects: 0.150235 ms)

========================================================================
Received Import Request.
  Time since last request: 24.234596 seconds.
  path: Assets/ImpactSparks.prefab
  artifactKey: Guid(0a4a75f15bb044045a6911f1b663873d) Importer(815301076,1909f56bfc062723c751e8b465ee728b)
Start importing Assets/ImpactSparks.prefab using Guid(0a4a75f15bb044045a6911f1b663873d) Importer(815301076,1909f56bfc062723c751e8b465ee728b)  -> (artifact id: '7139f133cd182f8964f04a0d202cbb9c') in 0.043375 seconds
  Import took 0.047453 seconds .

========================================================================
Received Prepare
Registering precompiled user dll's ...
Registered in 0.002657 seconds.
Begin MonoManager ReloadAssembly
Native extension for Lumin target not found
Native extension for WindowsStandalone target not found
Native extension for WebGL target not found
Refreshing native plugins compatible for Editor in 1.14 ms, found 4 plugins.
Preloading 1 native plugins for Editor in 0.13 ms.
Invoked RoslynAnalysisRunner static constructor.
RoslynAnalysisRunner will not be running.
RoslynAnalysisRunner has terminated.
Mono: successfully reloaded assembly
- Completed reload, in  1.067 seconds
Platform modules already initialized, skipping
Shader 'Oculus/OVRMRCameraFrameLit': fallback shader 'Alpha-Diffuse' not found
Refreshing native plugins compatible for Editor in 0.92 ms, found 4 plugins.
Preloading 1 native plugins for Editor in 0.09 ms.
Unloading 1692 Unused Serialized files (Serialized files now loaded: 0)
System memory in use before: 103.5 MB.
System memory in use after: 103.6 MB.

Unloading 29 unused Assets to reduce memory usage. Loaded Objects now: 2267.
Total: 3.432262 ms (FindLiveObjects: 0.451906 ms CreateObjectMapping: 0.135812 ms MarkObjects: 2.717445 ms  DeleteObjects: 0.124394 ms)

========================================================================
Received Import Request.
  Time since last request: 7.225733 seconds.
  path: Assets/ImpactSparks.prefab
  artifactKey: Guid(0a4a75f15bb044045a6911f1b663873d) Importer(815301076,1909f56bfc062723c751e8b465ee728b)
Start importing Assets/ImpactSparks.prefab using Guid(0a4a75f15bb044045a6911f1b663873d) Importer(815301076,1909f56bfc062723c751e8b465ee728b)  -> (artifact id: '98da5618bcb28d3389264293857dd18b') in 0.032442 seconds
  Import took 0.036468 seconds .

========================================================================
Received Prepare
Registering precompiled user dll's ...
Registered in 0.003162 seconds.
Begin MonoManager ReloadAssembly
Native extension for Lumin target not found
Native extension for WindowsStandalone target not found
Native extension for WebGL target not found
Refreshing native plugins compatible for Editor in 0.72 ms, found 4 plugins.
Preloading 1 native plugins for Editor in 0.15 ms.
Invoked RoslynAnalysisRunner static constructor.
RoslynAnalysisRunner will not be running.
RoslynAnalysisRunner has terminated.
Mono: successfully reloaded assembly
- Completed reload, in  0.985 seconds
Platform modules already initialized, skipping
Shader 'Oculus/OVRMRCameraFrameLit': fallback shader 'Alpha-Diffuse' not found
Refreshing native plugins compatible for Editor in 1.10 ms, found 4 plugins.
Preloading 1 native plugins for Editor in 0.19 ms.
Unloading 1692 Unused Serialized files (Serialized files now loaded: 0)
System memory in use before: 103.5 MB.
System memory in use after: 103.6 MB.

Unloading 29 unused Assets to reduce memory usage. Loaded Objects now: 2271.
Total: 2.674178 ms (FindLiveObjects: 0.322404 ms CreateObjectMapping: 0.096451 ms MarkObjects: 2.127924 ms  DeleteObjects: 0.125897 ms)

========================================================================
Received Import Request.
  Time since last request: 24.402558 seconds.
  path: Assets/ImpactSparks.prefab
  artifactKey: Guid(0a4a75f15bb044045a6911f1b663873d) Importer(815301076,1909f56bfc062723c751e8b465ee728b)
Start importing Assets/ImpactSparks.prefab using Guid(0a4a75f15bb044045a6911f1b663873d) Importer(815301076,1909f56bfc062723c751e8b465ee728b)  -> (artifact id: '2fe68f516cae18fa9d3e030797565b0b') in 0.033986 seconds
  Import took 0.038361 seconds .

========================================================================
Received Import Request.
  Time since last request: 0.134254 seconds.
  path: Assets/ImpactSparks.prefab
  artifactKey: Guid(0a4a75f15bb044045a6911f1b663873d) Importer(815301076,1909f56bfc062723c751e8b465ee728b)
Start importing Assets/ImpactSparks.prefab using Guid(0a4a75f15bb044045a6911f1b663873d) Importer(815301076,1909f56bfc062723c751e8b465ee728b)  -> (artifact id: '12e36c8103f8cfd31d3aee27bcacde72') in 0.007452 seconds
  Import took 0.012592 seconds .

========================================================================
Received Prepare
Registering precompiled user dll's ...
Registered in 0.002305 seconds.
Begin MonoManager ReloadAssembly
Native extension for Lumin target not found
Native extension for WindowsStandalone target not found
Native extension for WebGL target not found
Refreshing native plugins compatible for Editor in 0.89 ms, found 4 plugins.
Preloading 1 native plugins for Editor in 0.14 ms.
Invoked RoslynAnalysisRunner static constructor.
RoslynAnalysisRunner will not be running.
RoslynAnalysisRunner has terminated.
Mono: successfully reloaded assembly
- Completed reload, in  1.131 seconds
Platform modules already initialized, skipping
Shader 'Oculus/OVRMRCameraFrameLit': fallback shader 'Alpha-Diffuse' not found
Refreshing native plugins compatible for Editor in 0.69 ms, found 4 plugins.
Preloading 1 native plugins for Editor in 0.06 ms.
Unloading 1692 Unused Serialized files (Serialized files now loaded: 0)
System memory in use before: 103.5 MB.
System memory in use after: 103.6 MB.

Unloading 29 unused Assets to reduce memory usage. Loaded Objects now: 2275.
Total: 2.747793 ms (FindLiveObjects: 0.282742 ms CreateObjectMapping: 0.083831 ms MarkObjects: 2.252619 ms  DeleteObjects: 0.126498 ms)

========================================================================
Received Import Request.
  Time since last request: 42.007030 seconds.
  path: Assets/ImpactSparks.prefab
  artifactKey: Guid(0a4a75f15bb044045a6911f1b663873d) Importer(815301076,1909f56bfc062723c751e8b465ee728b)
Start importing Assets/ImpactSparks.prefab using Guid(0a4a75f15bb044045a6911f1b663873d) Importer(815301076,1909f56bfc062723c751e8b465ee728b)  -> (artifact id: 'd0a65a1d22a3a5e3c2a4bf1468ebb612') in 0.035944 seconds
  Import took 0.039812 seconds .

========================================================================
Received Import Request.
  Time since last request: 0.729151 seconds.
  path: Assets/ImpactSparks.prefab
  artifactKey: Guid(0a4a75f15bb044045a6911f1b663873d) Importer(815301076,1909f56bfc062723c751e8b465ee728b)
Start importing Assets/ImpactSparks.prefab using Guid(0a4a75f15bb044045a6911f1b663873d) Importer(815301076,1909f56bfc062723c751e8b465ee728b)  -> (artifact id: '7d8a1e8aa8276cadb4045d5f9f8b8192') in 0.007149 seconds
  Import took 0.011781 seconds .

========================================================================
Received Import Request.
  Time since last request: 1.877640 seconds.
  path: Assets/ImpactSparks.prefab
  artifactKey: Guid(0a4a75f15bb044045a6911f1b663873d) Importer(815301076,1909f56bfc062723c751e8b465ee728b)
Start importing Assets/ImpactSparks.prefab using Guid(0a4a75f15bb044045a6911f1b663873d) Importer(815301076,1909f56bfc062723c751e8b465ee728b)  -> (artifact id: 'bdd26d1bfe517196b2184d81b16357fc') in 0.012110 seconds
  Import took 0.020795 seconds .

========================================================================
Received Prepare
Registering precompiled user dll's ...
Registered in 0.002224 seconds.
Begin MonoManager ReloadAssembly
Native extension for Lumin target not found
Native extension for WindowsStandalone target not found
Native extension for WebGL target not found
Refreshing native plugins compatible for Editor in 0.70 ms, found 4 plugins.
Preloading 1 native plugins for Editor in 0.09 ms.
Invoked RoslynAnalysisRunner static constructor.
RoslynAnalysisRunner will not be running.
RoslynAnalysisRunner has terminated.
Mono: successfully reloaded assembly
- Completed reload, in  1.085 seconds
Platform modules already initialized, skipping
Shader 'Oculus/OVRMRCameraFrameLit': fallback shader 'Alpha-Diffuse' not found
Refreshing native plugins compatible for Editor in 0.67 ms, found 4 plugins.
Preloading 1 native plugins for Editor in 0.08 ms.
Unloading 1692 Unused Serialized files (Serialized files now loaded: 0)
System memory in use before: 103.6 MB.
System memory in use after: 103.6 MB.

Unloading 29 unused Assets to reduce memory usage. Loaded Objects now: 2279.
Total: 2.959323 ms (FindLiveObjects: 0.376789 ms CreateObjectMapping: 0.159549 ms MarkObjects: 2.299793 ms  DeleteObjects: 0.121089 ms)

========================================================================
Received Prepare
Registering precompiled user dll's ...
Registered in 0.001983 seconds.
Begin MonoManager ReloadAssembly
Native extension for Lumin target not found
Native extension for WindowsStandalone target not found
Native extension for WebGL target not found
Refreshing native plugins compatible for Editor in 1.53 ms, found 4 plugins.
Preloading 1 native plugins for Editor in 0.21 ms.
Invoked RoslynAnalysisRunner static constructor.
RoslynAnalysisRunner will not be running.
RoslynAnalysisRunner has terminated.
Mono: successfully reloaded assembly
- Completed reload, in  1.027 seconds
Platform modules already initialized, skipping
Shader 'Oculus/OVRMRCameraFrameLit': fallback shader 'Alpha-Diffuse' not found
Refreshing native plugins compatible for Editor in 0.76 ms, found 4 plugins.
Preloading 1 native plugins for Editor in 0.07 ms.
Unloading 1692 Unused Serialized files (Serialized files now loaded: 0)
System memory in use before: 103.6 MB.
System memory in use after: 103.6 MB.

Unloading 29 unused Assets to reduce memory usage. Loaded Objects now: 2283.
Total: 2.937990 ms (FindLiveObjects: 0.258103 ms CreateObjectMapping: 0.130103 ms MarkObjects: 2.363492 ms  DeleteObjects: 0.184789 ms)

========================================================================
Received Prepare
Registering precompiled user dll's ...
Registered in 0.001987 seconds.
Begin MonoManager ReloadAssembly
Native extension for Lumin target not found
Native extension for WindowsStandalone target not found
Native extension for WebGL target not found
Refreshing native plugins compatible for Editor in 0.94 ms, found 4 plugins.
Preloading 1 native plugins for Editor in 0.13 ms.
Invoked RoslynAnalysisRunner static constructor.
RoslynAnalysisRunner will not be running.
RoslynAnalysisRunner has terminated.
Mono: successfully reloaded assembly
- Completed reload, in  1.066 seconds
Platform modules already initialized, skipping
Shader 'Oculus/OVRMRCameraFrameLit': fallback shader 'Alpha-Diffuse' not found
Refreshing native plugins compatible for Editor in 0.90 ms, found 4 plugins.
Preloading 1 native plugins for Editor in 0.09 ms.
Unloading 1692 Unused Serialized files (Serialized files now loaded: 0)
System memory in use before: 103.6 MB.
System memory in use after: 103.6 MB.

Unloading 29 unused Assets to reduce memory usage. Loaded Objects now: 2287.
Total: 3.068093 ms (FindLiveObjects: 0.652319 ms CreateObjectMapping: 0.176376 ms MarkObjects: 2.115004 ms  DeleteObjects: 0.123192 ms)

========================================================================
Received Prepare
Registering precompiled user dll's ...
Registered in 0.002021 seconds.
Begin MonoManager ReloadAssembly
Native extension for Lumin target not found
Native extension for WindowsStandalone target not found
Native extension for WebGL target not found
Refreshing native plugins compatible for Editor in 0.72 ms, found 4 plugins.
Preloading 1 native plugins for Editor in 0.11 ms.
Invoked RoslynAnalysisRunner static constructor.
RoslynAnalysisRunner will not be running.
RoslynAnalysisRunner has terminated.
Mono: successfully reloaded assembly
- Completed reload, in  0.916 seconds
Platform modules already initialized, skipping
Shader 'Oculus/OVRMRCameraFrameLit': fallback shader 'Alpha-Diffuse' not found
Refreshing native plugins compatible for Editor in 0.66 ms, found 4 plugins.
Preloading 1 native plugins for Editor in 0.06 ms.
Unloading 1692 Unused Serialized files (Serialized files now loaded: 0)
System memory in use before: 103.6 MB.
System memory in use after: 103.7 MB.

Unloading 29 unused Assets to reduce memory usage. Loaded Objects now: 2291.
Total: 2.981558 ms (FindLiveObjects: 0.296563 ms CreateObjectMapping: 0.098554 ms MarkObjects: 2.395342 ms  DeleteObjects: 0.189596 ms)

========================================================================
Received Prepare
Registering precompiled user dll's ...
Registered in 0.002680 seconds.
Begin MonoManager ReloadAssembly
Native extension for Lumin target not found
Native extension for WindowsStandalone target not found
Native extension for WebGL target not found
Refreshing native plugins compatible for Editor in 0.73 ms, found 4 plugins.
Preloading 1 native plugins for Editor in 0.07 ms.
[ScriptCompilation] NOT recompiling all scripts because this is an import worker process. Reason to compile was: Define symbols changed
Invoked RoslynAnalysisRunner static constructor.
RoslynAnalysisRunner will not be running.
RoslynAnalysisRunner has terminated.
Mono: successfully reloaded assembly
- Completed reload, in  0.829 seconds
Platform modules already initialized, skipping
Shader 'Oculus/OVRMRCameraFrameLit': fallback shader 'Alpha-Diffuse' not found
Refreshing native plugins compatible for Editor in 0.70 ms, found 4 plugins.
Preloading 1 native plugins for Editor in 0.06 ms.
Unloading 1823 Unused Serialized files (Serialized files now loaded: 0)
System memory in use before: 114.2 MB.
System memory in use after: 110.0 MB.

Unloading 50 unused Assets to reduce memory usage. Loaded Objects now: 2407.
Total: 6.083003 ms (FindLiveObjects: 0.527624 ms CreateObjectMapping: 0.127699 ms MarkObjects: 2.336750 ms  DeleteObjects: 3.089126 ms)

========================================================================
Received Prepare
Registering precompiled user dll's ...
Registered in 0.002499 seconds.
Begin MonoManager ReloadAssembly
Native extension for Lumin target not found
Native extension for WindowsStandalone target not found
Native extension for WebGL target not found
Refreshing native plugins compatible for Editor in 0.74 ms, found 4 plugins.
Preloading 1 native plugins for Editor in 0.07 ms.
[ScriptCompilation] NOT recompiling all scripts because this is an import worker process. Reason to compile was: Define symbols changed
Invoked RoslynAnalysisRunner static constructor.
RoslynAnalysisRunner will not be running.
RoslynAnalysisRunner has terminated.
Mono: successfully reloaded assembly
- Completed reload, in  0.935 seconds
Platform modules already initialized, skipping
Shader 'Oculus/OVRMRCameraFrameLit': fallback shader 'Alpha-Diffuse' not found
Refreshing native plugins compatible for Editor in 1.06 ms, found 4 plugins.
Preloading 1 native plugins for Editor in 0.24 ms.
Unloading 1822 Unused Serialized files (Serialized files now loaded: 0)
System memory in use before: 114.2 MB.
System memory in use after: 109.9 MB.

Unloading 50 unused Assets to reduce memory usage. Loaded Objects now: 2411.
Total: 6.021106 ms (FindLiveObjects: 0.357258 ms CreateObjectMapping: 0.121991 ms MarkObjects: 2.542872 ms  DeleteObjects: 2.996882 ms)

========================================================================
Received Prepare
Registering precompiled user dll's ...
Registered in 0.004100 seconds.
Begin MonoManager ReloadAssembly
Native extension for Lumin target not found
Native extension for WindowsStandalone target not found
Native extension for WebGL target not found
Refreshing native plugins compatible for Editor in 0.72 ms, found 4 plugins.
Preloading 1 native plugins for Editor in 0.07 ms.
Invoked RoslynAnalysisRunner static constructor.
RoslynAnalysisRunner will not be running.
RoslynAnalysisRunner has terminated.
Mono: successfully reloaded assembly
- Completed reload, in  1.001 seconds
Platform modules already initialized, skipping
Shader 'Oculus/OVRMRCameraFrameLit': fallback shader 'Alpha-Diffuse' not found
Refreshing native plugins compatible for Editor in 1.39 ms, found 4 plugins.
Preloading 1 native plugins for Editor in 0.09 ms.
Unloading 1822 Unused Serialized files (Serialized files now loaded: 0)
System memory in use before: 114.1 MB.
System memory in use after: 109.9 MB.

Unloading 50 unused Assets to reduce memory usage. Loaded Objects now: 2415.
Total: 6.921913 ms (FindLiveObjects: 0.390310 ms CreateObjectMapping: 0.109671 ms MarkObjects: 2.675079 ms  DeleteObjects: 3.744750 ms)

========================================================================
Received Import Request.
  Time since last request: 4824.762548 seconds.
  path: Assets/ImpactSparks.prefab
  artifactKey: Guid(0a4a75f15bb044045a6911f1b663873d) Importer(815301076,1909f56bfc062723c751e8b465ee728b)
Start importing Assets/ImpactSparks.prefab using Guid(0a4a75f15bb044045a6911f1b663873d) Importer(815301076,1909f56bfc062723c751e8b465ee728b)  -> (artifact id: 'a935be4c6dedd7ed279ee478fade2e92') in 0.038863 seconds
  Import took 0.043102 seconds .

========================================================================
Received Import Request.
  Time since last request: 2.037794 seconds.
  path: Assets/ImpactSparks.prefab
  artifactKey: Guid(0a4a75f15bb044045a6911f1b663873d) Importer(815301076,1909f56bfc062723c751e8b465ee728b)
Start importing Assets/ImpactSparks.prefab using Guid(0a4a75f15bb044045a6911f1b663873d) Importer(815301076,1909f56bfc062723c751e8b465ee728b)  -> (artifact id: '9efcc5d3a888989378ebbf9930de7890') in 0.008185 seconds
  Import took 0.012551 seconds .

========================================================================
Received Prepare
Registering precompiled user dll's ...
Registered in 0.002254 seconds.
Begin MonoManager ReloadAssembly
Native extension for Lumin target not found
Native extension for WindowsStandalone target not found
Native extension for WebGL target not found
Refreshing native plugins compatible for Editor in 0.80 ms, found 4 plugins.
Preloading 1 native plugins for Editor in 0.07 ms.
Invoked RoslynAnalysisRunner static constructor.
RoslynAnalysisRunner will not be running.
RoslynAnalysisRunner has terminated.
Mono: successfully reloaded assembly
- Completed reload, in  1.013 seconds
Platform modules already initialized, skipping
Shader 'Oculus/OVRMRCameraFrameLit': fallback shader 'Alpha-Diffuse' not found
Refreshing native plugins compatible for Editor in 0.81 ms, found 4 plugins.
Preloading 1 native plugins for Editor in 0.10 ms.
Unloading 1822 Unused Serialized files (Serialized files now loaded: 0)
System memory in use before: 114.1 MB.
System memory in use after: 109.9 MB.

Unloading 50 unused Assets to reduce memory usage. Loaded Objects now: 2419.
Total: 6.917406 ms (FindLiveObjects: 0.685070 ms CreateObjectMapping: 0.359962 ms MarkObjects: 2.884506 ms  DeleteObjects: 2.984562 ms)

========================================================================
Received Import Request.
  Time since last request: 55.900752 seconds.
  path: Assets/ImpactSparks.prefab
  artifactKey: Guid(0a4a75f15bb044045a6911f1b663873d) Importer(815301076,1909f56bfc062723c751e8b465ee728b)
Start importing Assets/ImpactSparks.prefab using Guid(0a4a75f15bb044045a6911f1b663873d) Importer(815301076,1909f56bfc062723c751e8b465ee728b)  -> (artifact id: 'c2c8698b9c652cebe9c66b896403f0af') in 0.034930 seconds
  Import took 0.040452 seconds .

========================================================================
Received Import Request.
  Time since last request: 11.914589 seconds.
  path: Assets/ImpactSparks.prefab
  artifactKey: Guid(0a4a75f15bb044045a6911f1b663873d) Importer(815301076,1909f56bfc062723c751e8b465ee728b)
Start importing Assets/ImpactSparks.prefab using Guid(0a4a75f15bb044045a6911f1b663873d) Importer(815301076,1909f56bfc062723c751e8b465ee728b)  -> (artifact id: '3013cfd2c57145ee039122e8dcc8dacc') in 0.006683 seconds
  Import took 0.011035 seconds .

========================================================================
Received Prepare
Registering precompiled user dll's ...
Registered in 0.001876 seconds.
Begin MonoManager ReloadAssembly
Native extension for Lumin target not found
Native extension for WindowsStandalone target not found
Native extension for WebGL target not found
Refreshing native plugins compatible for Editor in 0.83 ms, found 4 plugins.
Preloading 1 native plugins for Editor in 0.11 ms.
Invoked RoslynAnalysisRunner static constructor.
RoslynAnalysisRunner will not be running.
RoslynAnalysisRunner has terminated.
Mono: successfully reloaded assembly
- Completed reload, in  0.814 seconds
Platform modules already initialized, skipping
Shader 'Oculus/OVRMRCameraFrameLit': fallback shader 'Alpha-Diffuse' not found
Refreshing native plugins compatible for Editor in 0.96 ms, found 4 plugins.
Preloading 1 native plugins for Editor in 0.12 ms.
Unloading 1822 Unused Serialized files (Serialized files now loaded: 0)
System memory in use before: 114.1 MB.
System memory in use after: 109.9 MB.

Unloading 50 unused Assets to reduce memory usage. Loaded Objects now: 2423.
Total: 6.721200 ms (FindLiveObjects: 0.334422 ms CreateObjectMapping: 0.086535 ms MarkObjects: 2.360187 ms  DeleteObjects: 3.938853 ms)

========================================================================
Received Import Request.
  Time since last request: 205.480785 seconds.
  path: Assets/asteroid OBJ.obj
  artifactKey: Guid(568f0272a3e89cd4f9fddb2ebdc73d75) Importer(815301076,1909f56bfc062723c751e8b465ee728b)
Start importing Assets/asteroid OBJ.obj using Guid(568f0272a3e89cd4f9fddb2ebdc73d75) Importer(815301076,1909f56bfc062723c751e8b465ee728b)  -> (artifact id: '0283b3caf66da9219d0656a425b33037') in 0.159176 seconds
  Import took 0.163755 seconds .

========================================================================
Received Import Request.
  Time since last request: 12.728465 seconds.
  path: Assets/Map__4_Mix.png
  artifactKey: Guid(b9f949d74ede8e84992c636155b4d0c7) Importer(815301076,1909f56bfc062723c751e8b465ee728b)
Start importing Assets/Map__4_Mix.png using Guid(b9f949d74ede8e84992c636155b4d0c7) Importer(815301076,1909f56bfc062723c751e8b465ee728b)  -> (artifact id: 'def9ac455d7836fa7bce022b4d2934c3') in 0.073155 seconds
  Import took 0.077020 seconds .

========================================================================
Received Import Request.
  Time since last request: 55.999594 seconds.
  path: Assets/BulletScript.cs
  artifactKey: Guid(9c64416a3c8cf3b48810442c476aba56) Importer(815301076,1909f56bfc062723c751e8b465ee728b)
Start importing Assets/BulletScript.cs using Guid(9c64416a3c8cf3b48810442c476aba56) Importer(815301076,1909f56bfc062723c751e8b465ee728b)  -> (artifact id: 'dae9f8c6aea7598fe99c104ba117dfcb') in 0.034531 seconds
  Import took 0.038438 seconds .

AssetImportWorkerClient::OnTransportError - code=2 error=End of file
